@!@!@STARTMSG 2262:0 @!@!@
TLC2 Version 2.05 of 17 April 2013
@!@!@ENDMSG 2262 @!@!@
@!@!@STARTMSG 2187:0 @!@!@
Running in Model-Checking mode.
@!@!@ENDMSG 2187 @!@!@
@!@!@STARTMSG 2220:0 @!@!@
Starting SANY...
@!@!@ENDMSG 2220 @!@!@
Parsing file MC.tla
Parsing file Lab_4_CB13006.tla
Parsing file C:\Users\FSK 10B\Desktop\TLA ToolBOX\TLAToolbox-1.4.7-win32.win32.x86\toolbox\plugins\org.lamport.tlatools_1.0.0.201304250137\tla2sany\StandardModules\TLC.tla
Parsing file C:\Users\FSK 10B\Desktop\TLA ToolBOX\TLAToolbox-1.4.7-win32.win32.x86\toolbox\plugins\org.lamport.tlatools_1.0.0.201304250137\tla2sany\StandardModules\Naturals.tla
Parsing file C:\Users\FSK 10B\Desktop\TLA ToolBOX\TLAToolbox-1.4.7-win32.win32.x86\toolbox\plugins\org.lamport.tlatools_1.0.0.201304250137\tla2sany\StandardModules\Sequences.tla
Semantic processing of module Naturals
Semantic processing of module Sequences
Semantic processing of module TLC
Semantic processing of module Lab_4_CB13006
Semantic processing of module MC
@!@!@STARTMSG 2219:0 @!@!@
SANY finished.
@!@!@ENDMSG 2219 @!@!@
@!@!@STARTMSG 2185:0 @!@!@
Starting... (2014-11-05 09:52:38)
@!@!@ENDMSG 2185 @!@!@
@!@!@STARTMSG 2189:0 @!@!@
Computing initial states...
@!@!@ENDMSG 2189 @!@!@
@!@!@STARTMSG 2190:0 @!@!@
Finished computing initial states: 12 distinct states generated.
@!@!@ENDMSG 2190 @!@!@
<<"Send", 1>>  TRUE
<<"Send", 2>>  TRUE
<<"Send", 1>>  TRUE
<<"Send", 2>>  TRUE
<<"Send", 1>>  TRUE
<<"Send", 1>>  TRUE
<<"Send", 1>>  TRUE
<<"Send", 1>>  TRUE
<<"Send", 1>>  TRUE
<<"Send", 1>>  TRUE
<<"Send", 2>>  TRUE
<<"Send", 1>>  TRUE
<<"Send", 2>>  TRUE
<<"Send", 1>>  TRUE
<<"Send", 2>>  TRUE
<<"Send", 1>>  TRUE
<<"Send", 2>>  TRUE
<<"Send", 2>>  TRUE
<<"Send", 1>>  TRUE
<<"Send", 2>>  TRUE
@!@!@STARTMSG 2114:1 @!@!@
Deadlock reached.
@!@!@ENDMSG 2114 @!@!@
<<"Send", 2>>  TRUE
@!@!@STARTMSG 2121:1 @!@!@
The behavior up to this point is:
@!@!@ENDMSG 2121 @!@!@
<<"Send", 2>>  TRUE
<<"Send", 2>>  TRUE
<<"Send", 2>>  TRUE
@!@!@STARTMSG 2217:4 @!@!@
1: <Initial predicate>
/\ val = 1
/\ ack = 0

@!@!@ENDMSG 2217 @!@!@
@!@!@STARTMSG 2201:0 @!@!@
The coverage statistics at 2014-11-05 09:52:39
@!@!@ENDMSG 2201 @!@!@
@!@!@STARTMSG 2221:0 @!@!@
  line 30, col 12 to line 30, col 29 of module Lab_4_CB13006: 0
@!@!@ENDMSG 2221 @!@!@
@!@!@STARTMSG 2221:0 @!@!@
  line 31, col 22 to line 31, col 24 of module Lab_4_CB13006: 0
@!@!@ENDMSG 2221 @!@!@
@!@!@STARTMSG 2221:0 @!@!@
  line 35, col 12 to line 35, col 24 of module Lab_4_CB13006: 0
@!@!@ENDMSG 2221 @!@!@
@!@!@STARTMSG 2221:0 @!@!@
  line 36, col 24 to line 36, col 26 of module Lab_4_CB13006: 0
@!@!@ENDMSG 2221 @!@!@
@!@!@STARTMSG 2202:0 @!@!@
End of statistics.
@!@!@ENDMSG 2202 @!@!@
@!@!@STARTMSG 2200:0 @!@!@
Progress(1) at 2014-11-05 09:52:39: 12 states generated (6728 s/min), 12 distinct states found (6728 ds/min), 10 states left on queue.
@!@!@ENDMSG 2200 @!@!@
@!@!@STARTMSG 2199:0 @!@!@
12 states generated, 12 distinct states found, 10 states left on queue.
@!@!@ENDMSG 2199 @!@!@
@!@!@STARTMSG 2194:0 @!@!@
The depth of the complete state graph search is 1.
@!@!@ENDMSG 2194 @!@!@
@!@!@STARTMSG 2186:0 @!@!@
Finished. (2014-11-05 09:52:39)
@!@!@ENDMSG 2186 @!@!@
