@!@!@STARTMSG 2262:0 @!@!@
TLC2 Version 2.05 of 17 April 2013
@!@!@ENDMSG 2262 @!@!@
@!@!@STARTMSG 2187:0 @!@!@
Running in Model-Checking mode.
@!@!@ENDMSG 2187 @!@!@
@!@!@STARTMSG 2220:0 @!@!@
Starting SANY...
@!@!@ENDMSG 2220 @!@!@
Parsing file MC.tla
Parsing file LiveHourClock.tla
Parsing file C:\Users\FSK 10B\Desktop\TLA ToolBOX\TLAToolbox-1.4.7-win32.win32.x86\toolbox\plugins\org.lamport.tlatools_1.0.0.201304250137\tla2sany\StandardModules\TLC.tla
Parsing file HourClock.tla
Parsing file C:\Users\FSK 10B\Desktop\TLA ToolBOX\TLAToolbox-1.4.7-win32.win32.x86\toolbox\plugins\org.lamport.tlatools_1.0.0.201304250137\tla2sany\StandardModules\Naturals.tla
Parsing file C:\Users\FSK 10B\Desktop\TLA ToolBOX\TLAToolbox-1.4.7-win32.win32.x86\toolbox\plugins\org.lamport.tlatools_1.0.0.201304250137\tla2sany\StandardModules\Sequences.tla
Semantic processing of module Naturals
Semantic processing of module HourClock
Semantic processing of module LiveHourClock
Semantic processing of module Sequences
Semantic processing of module TLC
Semantic processing of module MC
@!@!@STARTMSG 2219:0 @!@!@
SANY finished.
@!@!@ENDMSG 2219 @!@!@
@!@!@STARTMSG 2185:0 @!@!@
Starting... (2014-11-12 10:09:41)
@!@!@ENDMSG 2185 @!@!@
@!@!@STARTMSG 2212:0 @!@!@
Implied-temporal checking--satisfiability problem has 1 branches.
@!@!@ENDMSG 2212 @!@!@
@!@!@STARTMSG 2189:0 @!@!@
Computing initial states...
@!@!@ENDMSG 2189 @!@!@
@!@!@STARTMSG 2190:0 @!@!@
Finished computing initial states: 600 distinct states generated.
@!@!@ENDMSG 2190 @!@!@
@!@!@STARTMSG 2192:0 @!@!@
Checking temporal properties for the complete state space...
@!@!@ENDMSG 2192 @!@!@
@!@!@STARTMSG 2193:0 @!@!@
Model checking completed. No error has been found.
  Estimates of the probability that TLC did not check all reachable states
  because two distinct states had the same fingerprint:
  calculated (optimistic):  val = 2.0E-14
  based on the actual fingerprints:  val = 8.7E-16
@!@!@ENDMSG 2193 @!@!@
@!@!@STARTMSG 2201:0 @!@!@
The coverage statistics at 2014-11-12 10:09:41
@!@!@ENDMSG 2201 @!@!@
@!@!@STARTMSG 2221:0 @!@!@
  line 7, col 13 to line 7, col 47 of module HourClock: 600
@!@!@ENDMSG 2221 @!@!@
@!@!@STARTMSG 2221:0 @!@!@
  line 8, col 4 to line 8, col 40 of module HourClock: 600
@!@!@ENDMSG 2221 @!@!@
@!@!@STARTMSG 2202:0 @!@!@
End of statistics.
@!@!@ENDMSG 2202 @!@!@
@!@!@STARTMSG 2200:0 @!@!@
Progress(1) at 2014-11-12 10:09:41: 1200 states generated (620689 s/min), 600 distinct states found (310344 ds/min), 0 states left on queue.
@!@!@ENDMSG 2200 @!@!@
@!@!@STARTMSG 2199:0 @!@!@
1200 states generated, 600 distinct states found, 0 states left on queue.
@!@!@ENDMSG 2199 @!@!@
@!@!@STARTMSG 2194:0 @!@!@
The depth of the complete state graph search is 1.
@!@!@ENDMSG 2194 @!@!@
@!@!@STARTMSG 2186:0 @!@!@
Finished. (2014-11-12 10:09:41)
@!@!@ENDMSG 2186 @!@!@
